[2021-12-31 15:30:11,992] {taskinstance.py:903} INFO - Dependencies all met for <TaskInstance: main_dag.insert_graph_table_query 2021-12-31T15:17:39.949213+00:00 [queued]>
[2021-12-31 15:30:12,007] {taskinstance.py:903} INFO - Dependencies all met for <TaskInstance: main_dag.insert_graph_table_query 2021-12-31T15:17:39.949213+00:00 [queued]>
[2021-12-31 15:30:12,008] {taskinstance.py:1094} INFO - 
--------------------------------------------------------------------------------
[2021-12-31 15:30:12,008] {taskinstance.py:1095} INFO - Starting attempt 2 of 2
[2021-12-31 15:30:12,009] {taskinstance.py:1096} INFO - 
--------------------------------------------------------------------------------
[2021-12-31 15:30:12,024] {taskinstance.py:1114} INFO - Executing <Task(Neo4jOperator): insert_graph_table_query> on 2021-12-31T15:17:39.949213+00:00
[2021-12-31 15:30:12,031] {standard_task_runner.py:52} INFO - Started process 28270 to run task
[2021-12-31 15:30:12,036] {standard_task_runner.py:76} INFO - Running: ['***', 'tasks', 'run', 'main_dag', 'insert_graph_table_query', '2021-12-31T15:17:39.949213+00:00', '--job-id', '90', '--pool', 'default_pool', '--raw', '--subdir', 'DAGS_FOLDER/main_dag.py', '--cfg-path', '/tmp/tmps6zcpped', '--error-file', '/tmp/tmpyg8hvcky']
[2021-12-31 15:30:12,037] {standard_task_runner.py:77} INFO - Job 90: Subtask insert_graph_table_query
[2021-12-31 15:30:12,079] {logging_mixin.py:109} INFO - Running <TaskInstance: main_dag.insert_graph_table_query 2021-12-31T15:17:39.949213+00:00 [running]> on host 8e99a5d40b8f
[2021-12-31 15:30:12,129] {taskinstance.py:1251} INFO - Exporting the following env vars:
AIRFLOW_CTX_DAG_OWNER=***
AIRFLOW_CTX_DAG_ID=main_dag
AIRFLOW_CTX_TASK_ID=insert_graph_table_query
AIRFLOW_CTX_EXECUTION_DATE=2021-12-31T15:17:39.949213+00:00
AIRFLOW_CTX_DAG_RUN_ID=manual__2021-12-31T15:17:39.949213+00:00
[2021-12-31 15:30:12,130] {neo4j.py:58} INFO - Executing: graph_table.sql
[2021-12-31 15:30:12,139] {base.py:70} INFO - Using connection to: id: neo4j_default. Host: neo4j, Port: 7687, Schema: neo4j, Login: , Password: None, extra: {}
[2021-12-31 15:30:12,139] {neo4j.py:62} INFO - URI: bolt://neo4j:7687
[2021-12-31 15:30:22,149] {taskinstance.py:1462} ERROR - Task failed with exception
Traceback (most recent call last):
  File "/home/airflow/.local/lib/python3.8/site-packages/neo4j/addressing.py", line 155, in _dns_resolve
    info = getaddrinfo(address.host, address.port, family, SOCK_STREAM)
  File "/usr/local/lib/python3.8/socket.py", line 918, in getaddrinfo
    for res in _socket.getaddrinfo(host, port, family, type, proto, flags):
socket.gaierror: [Errno -3] Temporary failure in name resolution

During handling of the above exception, another exception occurred:

Traceback (most recent call last):
  File "/home/airflow/.local/lib/python3.8/site-packages/airflow/models/taskinstance.py", line 1164, in _run_raw_task
    self._prepare_and_execute_task_with_callbacks(context, task)
  File "/home/airflow/.local/lib/python3.8/site-packages/airflow/models/taskinstance.py", line 1282, in _prepare_and_execute_task_with_callbacks
    result = self._execute_task(context, task_copy)
  File "/home/airflow/.local/lib/python3.8/site-packages/airflow/models/taskinstance.py", line 1312, in _execute_task
    result = task_copy.execute(context=context)
  File "/home/airflow/.local/lib/python3.8/site-packages/airflow/providers/neo4j/operators/neo4j.py", line 60, in execute
    self.hook.run(self.sql)
  File "/home/airflow/.local/lib/python3.8/site-packages/airflow/providers/neo4j/hooks/neo4j.py", line 120, in run
    result = session.run(query)
  File "/home/airflow/.local/lib/python3.8/site-packages/neo4j/work/simple.py", line 204, in run
    self._connect(self._config.default_access_mode)
  File "/home/airflow/.local/lib/python3.8/site-packages/neo4j/work/simple.py", line 108, in _connect
    super()._connect(access_mode)
  File "/home/airflow/.local/lib/python3.8/site-packages/neo4j/work/__init__.py", line 79, in _connect
    self._connection = self._pool.acquire(
  File "/home/airflow/.local/lib/python3.8/site-packages/neo4j/io/__init__.py", line 841, in acquire
    return self._acquire(self.address, timeout)
  File "/home/airflow/.local/lib/python3.8/site-packages/neo4j/io/__init__.py", line 695, in _acquire
    connection = self.opener(address, timeout)
  File "/home/airflow/.local/lib/python3.8/site-packages/neo4j/io/__init__.py", line 824, in opener
    return Bolt.open(
  File "/home/airflow/.local/lib/python3.8/site-packages/neo4j/io/__init__.py", line 318, in open
    s, pool_config.protocol_version, handshake, data = connect(
  File "/home/airflow/.local/lib/python3.8/site-packages/neo4j/io/__init__.py", line 1369, in connect
    resolved_addresses = Address(address).resolve(resolver=custom_resolver)
  File "/home/airflow/.local/lib/python3.8/site-packages/neo4j/addressing.py", line 195, in resolve
    resolved.extend(self._dns_resolve(self, family))
  File "/home/airflow/.local/lib/python3.8/site-packages/neo4j/addressing.py", line 157, in _dns_resolve
    raise ValueError("Cannot resolve address {}".format(address))
ValueError: Cannot resolve address neo4j:7687
[2021-12-31 15:30:22,152] {taskinstance.py:1505} INFO - Marking task as FAILED. dag_id=main_dag, task_id=insert_graph_table_query, execution_date=20211231T151739, start_date=20211231T153011, end_date=20211231T153022
[2021-12-31 15:30:22,189] {local_task_job.py:151} INFO - Task exited with return code 1
