[2021-12-31 16:08:46,712] {taskinstance.py:903} INFO - Dependencies all met for <TaskInstance: main_dag.insert_graph_table_query 2021-12-31T16:03:42.129662+00:00 [queued]>
[2021-12-31 16:08:46,726] {taskinstance.py:903} INFO - Dependencies all met for <TaskInstance: main_dag.insert_graph_table_query 2021-12-31T16:03:42.129662+00:00 [queued]>
[2021-12-31 16:08:46,727] {taskinstance.py:1094} INFO - 
--------------------------------------------------------------------------------
[2021-12-31 16:08:46,728] {taskinstance.py:1095} INFO - Starting attempt 1 of 2
[2021-12-31 16:08:46,728] {taskinstance.py:1096} INFO - 
--------------------------------------------------------------------------------
[2021-12-31 16:08:46,743] {taskinstance.py:1114} INFO - Executing <Task(Neo4jOperator): insert_graph_table_query> on 2021-12-31T16:03:42.129662+00:00
[2021-12-31 16:08:46,750] {standard_task_runner.py:52} INFO - Started process 31230 to run task
[2021-12-31 16:08:46,753] {standard_task_runner.py:76} INFO - Running: ['***', 'tasks', 'run', 'main_dag', 'insert_graph_table_query', '2021-12-31T16:03:42.129662+00:00', '--job-id', '195', '--pool', 'default_pool', '--raw', '--subdir', 'DAGS_FOLDER/main_dag.py', '--cfg-path', '/tmp/tmplzstmt5m', '--error-file', '/tmp/tmph9vua2ni']
[2021-12-31 16:08:46,754] {standard_task_runner.py:77} INFO - Job 195: Subtask insert_graph_table_query
[2021-12-31 16:08:46,798] {logging_mixin.py:109} INFO - Running <TaskInstance: main_dag.insert_graph_table_query 2021-12-31T16:03:42.129662+00:00 [running]> on host 8e99a5d40b8f
[2021-12-31 16:08:46,843] {taskinstance.py:1251} INFO - Exporting the following env vars:
AIRFLOW_CTX_DAG_OWNER=***
AIRFLOW_CTX_DAG_ID=main_dag
AIRFLOW_CTX_TASK_ID=insert_graph_table_query
AIRFLOW_CTX_EXECUTION_DATE=2021-12-31T16:03:42.129662+00:00
AIRFLOW_CTX_DAG_RUN_ID=manual__2021-12-31T16:03:42.129662+00:00
[2021-12-31 16:08:46,844] {neo4j.py:58} INFO - Executing: graph_table.sql
[2021-12-31 16:08:46,853] {base.py:70} INFO - Using connection to: id: neo4j_default. Host: 127.0.0.1, Port: 7687, Schema: neo4j, Login: , Password: None, extra: {}
[2021-12-31 16:08:46,854] {neo4j.py:62} INFO - URI: bolt://127.0.0.1:7687
[2021-12-31 16:08:46,855] {taskinstance.py:1462} ERROR - Task failed with exception
Traceback (most recent call last):
  File "/home/airflow/.local/lib/python3.8/site-packages/neo4j/io/__init__.py", line 1252, in _connect
    s.connect(resolved_address)
ConnectionRefusedError: [Errno 111] Connection refused

During handling of the above exception, another exception occurred:

Traceback (most recent call last):
  File "/home/airflow/.local/lib/python3.8/site-packages/neo4j/io/__init__.py", line 1373, in connect
    s = _connect(resolved_address, timeout, keep_alive)
  File "/home/airflow/.local/lib/python3.8/site-packages/neo4j/io/__init__.py", line 1266, in _connect
    raise ServiceUnavailable("Failed to establish connection to {!r} (reason {})".format(resolved_address, error))
neo4j.exceptions.ServiceUnavailable: Failed to establish connection to ResolvedIPv4Address(('127.0.0.1', 7687)) (reason [Errno 111] Connection refused)

The above exception was the direct cause of the following exception:

Traceback (most recent call last):
  File "/home/airflow/.local/lib/python3.8/site-packages/airflow/models/taskinstance.py", line 1164, in _run_raw_task
    self._prepare_and_execute_task_with_callbacks(context, task)
  File "/home/airflow/.local/lib/python3.8/site-packages/airflow/models/taskinstance.py", line 1282, in _prepare_and_execute_task_with_callbacks
    result = self._execute_task(context, task_copy)
  File "/home/airflow/.local/lib/python3.8/site-packages/airflow/models/taskinstance.py", line 1312, in _execute_task
    result = task_copy.execute(context=context)
  File "/home/airflow/.local/lib/python3.8/site-packages/airflow/providers/neo4j/operators/neo4j.py", line 60, in execute
    self.hook.run(self.sql)
  File "/home/airflow/.local/lib/python3.8/site-packages/airflow/providers/neo4j/hooks/neo4j.py", line 120, in run
    result = session.run(query)
  File "/home/airflow/.local/lib/python3.8/site-packages/neo4j/work/simple.py", line 204, in run
    self._connect(self._config.default_access_mode)
  File "/home/airflow/.local/lib/python3.8/site-packages/neo4j/work/simple.py", line 108, in _connect
    super()._connect(access_mode)
  File "/home/airflow/.local/lib/python3.8/site-packages/neo4j/work/__init__.py", line 79, in _connect
    self._connection = self._pool.acquire(
  File "/home/airflow/.local/lib/python3.8/site-packages/neo4j/io/__init__.py", line 841, in acquire
    return self._acquire(self.address, timeout)
  File "/home/airflow/.local/lib/python3.8/site-packages/neo4j/io/__init__.py", line 695, in _acquire
    connection = self.opener(address, timeout)
  File "/home/airflow/.local/lib/python3.8/site-packages/neo4j/io/__init__.py", line 824, in opener
    return Bolt.open(
  File "/home/airflow/.local/lib/python3.8/site-packages/neo4j/io/__init__.py", line 318, in open
    s, pool_config.protocol_version, handshake, data = connect(
  File "/home/airflow/.local/lib/python3.8/site-packages/neo4j/io/__init__.py", line 1398, in connect
    raise ServiceUnavailable(
neo4j.exceptions.ServiceUnavailable: Couldn't connect to 127.0.0.1:7687 (resolved to ('127.0.0.1:7687',)):
Failed to establish connection to ResolvedIPv4Address(('127.0.0.1', 7687)) (reason [Errno 111] Connection refused)
[2021-12-31 16:08:46,857] {taskinstance.py:1505} INFO - Marking task as UP_FOR_RETRY. dag_id=main_dag, task_id=insert_graph_table_query, execution_date=20211231T160342, start_date=20211231T160846, end_date=20211231T160846
[2021-12-31 16:08:46,885] {local_task_job.py:151} INFO - Task exited with return code 1
